0 info it worked if it ends with ok
1 verbose cli [ 'node', '/usr/local/bin/npm', 'install', '-g', 'node-inspector' ]
2 info using npm@1.4.14
3 info using node@v0.10.29
4 verbose cache add [ 'node-inspector', null ]
5 verbose cache add name=undefined spec="node-inspector" args=["node-inspector",null]
6 verbose parsed url { protocol: null,
6 verbose parsed url   slashes: null,
6 verbose parsed url   auth: null,
6 verbose parsed url   host: null,
6 verbose parsed url   port: null,
6 verbose parsed url   hostname: null,
6 verbose parsed url   hash: null,
6 verbose parsed url   search: null,
6 verbose parsed url   query: null,
6 verbose parsed url   pathname: 'node-inspector',
6 verbose parsed url   path: 'node-inspector',
6 verbose parsed url   href: 'node-inspector' }
7 silly lockFile 4198ef9e-node-inspector node-inspector
8 verbose lock node-inspector /Users/Jasper/.npm/4198ef9e-node-inspector.lock
9 silly lockFile 4198ef9e-node-inspector node-inspector
10 silly lockFile 4198ef9e-node-inspector node-inspector
11 verbose addNamed [ 'node-inspector', '' ]
12 verbose addNamed [ null, '*' ]
13 silly lockFile e68b88da-node-inspector node-inspector@
14 verbose lock node-inspector@ /Users/Jasper/.npm/e68b88da-node-inspector.lock
15 silly addNameRange { name: 'node-inspector', range: '*', hasData: false }
16 verbose url raw node-inspector
17 verbose url resolving [ 'https://registry.npmjs.org/', './node-inspector' ]
18 verbose url resolved https://registry.npmjs.org/node-inspector
19 info trying registry request attempt 1 at 15:24:28
20 http GET https://registry.npmjs.org/node-inspector
21 http 200 https://registry.npmjs.org/node-inspector
22 silly registry.get cb [ 200,
22 silly registry.get   { date: 'Fri, 01 Aug 2014 13:24:06 GMT',
22 silly registry.get     server: 'CouchDB/1.5.0 (Erlang OTP/R16B03)',
22 silly registry.get     etag: '"5TJXITW6GLIPSQ5ML7ZAU5WBH"',
22 silly registry.get     'content-type': 'application/json',
22 silly registry.get     'cache-control': 'max-age=60',
22 silly registry.get     'content-length': '74733',
22 silly registry.get     'accept-ranges': 'bytes',
22 silly registry.get     via: '1.1 varnish',
22 silly registry.get     age: '4100',
22 silly registry.get     'x-served-by': 'cache-ams4135-AMS',
22 silly registry.get     'x-cache': 'HIT',
22 silly registry.get     'x-cache-hits': '1',
22 silly registry.get     'x-timer': 'S1406899446.795335,VS0,VE96',
22 silly registry.get     vary: 'Accept',
22 silly registry.get     'keep-alive': 'timeout=10, max=50',
22 silly registry.get     connection: 'Keep-Alive' } ]
23 silly addNameRange number 2 { name: 'node-inspector', range: '*', hasData: true }
24 silly addNameRange versions [ 'node-inspector',
24 silly addNameRange   [ '0.0.1',
24 silly addNameRange     '0.0.2',
24 silly addNameRange     '0.0.3',
24 silly addNameRange     '0.0.4',
24 silly addNameRange     '0.1.0',
24 silly addNameRange     '0.1.1',
24 silly addNameRange     '0.1.2',
24 silly addNameRange     '0.1.3',
24 silly addNameRange     '0.1.4',
24 silly addNameRange     '0.1.5',
24 silly addNameRange     '0.1.6',
24 silly addNameRange     '0.1.7',
24 silly addNameRange     '0.1.8',
24 silly addNameRange     '0.1.9',
24 silly addNameRange     '0.1.10',
24 silly addNameRange     '0.3.0',
24 silly addNameRange     '0.3.1',
24 silly addNameRange     '0.3.2',
24 silly addNameRange     '0.3.3',
24 silly addNameRange     '0.3.4',
24 silly addNameRange     '0.4.0',
24 silly addNameRange     '0.5.0',
24 silly addNameRange     '0.6.0',
24 silly addNameRange     '0.6.1',
24 silly addNameRange     '0.6.2',
24 silly addNameRange     '0.7.0-1',
24 silly addNameRange     '0.2.0-beta1',
24 silly addNameRange     '0.2.0-beta2',
24 silly addNameRange     '0.2.0-beta3',
24 silly addNameRange     '0.2.0-beta4',
24 silly addNameRange     '0.3.0-preview1',
24 silly addNameRange     '0.7.0-2',
24 silly addNameRange     '0.7.0',
24 silly addNameRange     '0.7.1',
24 silly addNameRange     '0.7.2',
24 silly addNameRange     '0.7.3',
24 silly addNameRange     '0.7.4' ] ]
25 verbose addNamed [ 'node-inspector', '0.7.4' ]
26 verbose addNamed [ '0.7.4', '0.7.4' ]
27 silly lockFile aae362fc-node-inspector-0-7-4 node-inspector@0.7.4
28 verbose lock node-inspector@0.7.4 /Users/Jasper/.npm/aae362fc-node-inspector-0-7-4.lock
29 silly lockFile ff689745-spector-node-inspector-0-7-4-tgz https://registry.npmjs.org/node-inspector/-/node-inspector-0.7.4.tgz
30 verbose lock https://registry.npmjs.org/node-inspector/-/node-inspector-0.7.4.tgz /Users/Jasper/.npm/ff689745-spector-node-inspector-0-7-4-tgz.lock
31 verbose addRemoteTarball [ 'https://registry.npmjs.org/node-inspector/-/node-inspector-0.7.4.tgz',
31 verbose addRemoteTarball   '3d07234f0834e7f1e21a1669eceaa224a7be43f2' ]
32 info retry fetch attempt 1 at 15:24:29
33 verbose fetch to= /var/folders/w5/9t1qppvs6gz5pm5j0gs9dmh40000gn/T/npm-20244-TG4Bh2X0/registry.npmjs.org/node-inspector/-/node-inspector-0.7.4.tgz
34 http GET https://registry.npmjs.org/node-inspector/-/node-inspector-0.7.4.tgz
35 http 200 https://registry.npmjs.org/node-inspector/-/node-inspector-0.7.4.tgz
36 silly lockFile ff689745-spector-node-inspector-0-7-4-tgz https://registry.npmjs.org/node-inspector/-/node-inspector-0.7.4.tgz
37 silly lockFile ff689745-spector-node-inspector-0-7-4-tgz https://registry.npmjs.org/node-inspector/-/node-inspector-0.7.4.tgz
38 silly lockFile aae362fc-node-inspector-0-7-4 node-inspector@0.7.4
39 silly lockFile aae362fc-node-inspector-0-7-4 node-inspector@0.7.4
40 silly lockFile e68b88da-node-inspector node-inspector@
41 silly lockFile e68b88da-node-inspector node-inspector@
42 silly resolved [ { name: 'node-inspector',
42 silly resolved     version: '0.7.4',
42 silly resolved     description: 'Web Inspector based nodeJS debugger',
42 silly resolved     homepage: 'http://github.com/node-inspector/node-inspector',
42 silly resolved     author: { name: 'Danny Coates', email: 'dannycoates@gmail.com' },
42 silly resolved     keywords: [ 'debug', 'debugger', 'inspector', 'profiler' ],
42 silly resolved     repository:
42 silly resolved      { type: 'git',
42 silly resolved        url: 'http://github.com/node-inspector/node-inspector.git' },
42 silly resolved     engines: { node: '>=0.8.0' },
42 silly resolved     bin:
42 silly resolved      { 'node-inspector': './bin/inspector.js',
42 silly resolved        'node-debug': './bin/node-debug.js' },
42 silly resolved     dependencies:
42 silly resolved      { express: '~4.0',
42 silly resolved        async: '~0.8',
42 silly resolved        glob: '~3.2.1',
42 silly resolved        rc: '~0.3.0',
42 silly resolved        'strong-data-uri': '~0.1.0',
42 silly resolved        debug: '~0.8',
42 silly resolved        ws: '~0.4.31',
42 silly resolved        opener: '~1.3.0',
42 silly resolved        yargs: '~1.2.1',
42 silly resolved        which: '~1.0.5' },
42 silly resolved     devDependencies:
42 silly resolved      { mocha: 'latest',
42 silly resolved        chai: 'latest',
42 silly resolved        jshint: '^2.4.4',
42 silly resolved        'fs-extra': '~0.8.1' },
42 silly resolved     preferGlobal: true,
42 silly resolved     scripts: { pretest: 'jshint .', test: 'mocha' },
42 silly resolved     contributors:
42 silly resolved      [ [Object],
42 silly resolved        [Object],
42 silly resolved        [Object],
42 silly resolved        [Object],
42 silly resolved        [Object],
42 silly resolved        [Object],
42 silly resolved        [Object],
42 silly resolved        [Object],
42 silly resolved        [Object],
42 silly resolved        [Object],
42 silly resolved        [Object],
42 silly resolved        [Object],
42 silly resolved        [Object],
42 silly resolved        [Object],
42 silly resolved        [Object],
42 silly resolved        [Object],
42 silly resolved        [Object],
42 silly resolved        [Object],
42 silly resolved        [Object],
42 silly resolved        [Object],
42 silly resolved        [Object],
42 silly resolved        [Object],
42 silly resolved        [Object],
42 silly resolved        [Object],
42 silly resolved        [Object],
42 silly resolved        [Object],
42 silly resolved        [Object],
42 silly resolved        [Object],
42 silly resolved        [Object],
42 silly resolved        [Object],
42 silly resolved        [Object] ],
42 silly resolved     bugs: { url: 'https://github.com/node-inspector/node-inspector/issues' },
42 silly resolved     _id: 'node-inspector@0.7.4',
42 silly resolved     dist:
42 silly resolved      { shasum: '3d07234f0834e7f1e21a1669eceaa224a7be43f2',
42 silly resolved        tarball: 'http://registry.npmjs.org/node-inspector/-/node-inspector-0.7.4.tgz' },
42 silly resolved     _from: 'node-inspector@',
42 silly resolved     _npmVersion: '1.4.3',
42 silly resolved     _npmUser: { name: 'bajtos', email: 'miro.bajtos@gmail.com' },
42 silly resolved     maintainers: [ [Object], [Object], [Object], [Object] ],
42 silly resolved     directories: {},
42 silly resolved     _shasum: '3d07234f0834e7f1e21a1669eceaa224a7be43f2',
42 silly resolved     _resolved: 'https://registry.npmjs.org/node-inspector/-/node-inspector-0.7.4.tgz' } ]
43 info install node-inspector@0.7.4 into /usr/local/lib
44 info installOne node-inspector@0.7.4
45 info /usr/local/lib/node_modules/node-inspector unbuild
46 verbose tar unpack /Users/Jasper/.npm/node-inspector/0.7.4/package.tgz
47 silly lockFile 6e6fbd08--lib-node-modules-node-inspector tar:///usr/local/lib/node_modules/node-inspector
48 verbose lock tar:///usr/local/lib/node_modules/node-inspector /Users/Jasper/.npm/6e6fbd08--lib-node-modules-node-inspector.lock
49 silly lockFile 62d81beb-node-inspector-0-7-4-package-tgz tar:///Users/Jasper/.npm/node-inspector/0.7.4/package.tgz
50 verbose lock tar:///Users/Jasper/.npm/node-inspector/0.7.4/package.tgz /Users/Jasper/.npm/62d81beb-node-inspector-0-7-4-package-tgz.lock
51 silly gunzTarPerm modes [ '755', '644' ]
52 error Error: EACCES, mkdir '/usr/local/lib/node_modules/node-inspector'
52 error  { [Error: EACCES, mkdir '/usr/local/lib/node_modules/node-inspector']
52 error   errno: 3,
52 error   code: 'EACCES',
52 error   path: '/usr/local/lib/node_modules/node-inspector',
52 error   fstream_type: 'Directory',
52 error   fstream_path: '/usr/local/lib/node_modules/node-inspector',
52 error   fstream_class: 'DirWriter',
52 error   fstream_stack:
52 error    [ '/usr/local/lib/node_modules/npm/node_modules/fstream/lib/dir-writer.js:36:23',
52 error      '/usr/local/lib/node_modules/npm/node_modules/mkdirp/index.js:37:53',
52 error      'Object.oncomplete (fs.js:107:15)' ] }
53 error Please try running this command again as root/Administrator.
54 error System Darwin 13.3.0
55 error command "node" "/usr/local/bin/npm" "install" "-g" "node-inspector"
56 error cwd /Users/Jasper/Documents/DEVELOPMENT/quizzmeteor2
57 error node -v v0.10.29
58 error npm -v 1.4.14
59 error path /usr/local/lib/node_modules/node-inspector
60 error fstream_path /usr/local/lib/node_modules/node-inspector
61 error fstream_type Directory
62 error fstream_class DirWriter
63 error code EACCES
64 error errno 3
65 error stack Error: EACCES, mkdir '/usr/local/lib/node_modules/node-inspector'
66 error fstream_stack /usr/local/lib/node_modules/npm/node_modules/fstream/lib/dir-writer.js:36:23
66 error fstream_stack /usr/local/lib/node_modules/npm/node_modules/mkdirp/index.js:37:53
66 error fstream_stack Object.oncomplete (fs.js:107:15)
67 verbose exit [ 3, true ]
